<?xml version="1.0" encoding="UTF-8"?>
<testng-results skipped="0" failed="0" total="1" passed="1">
  <reporter-output>
  </reporter-output>
  <suite name="Default suite" duration-ms="9315" started-at="2015-05-30T11:41:51Z" finished-at="2015-05-30T11:42:01Z">
    <groups>
    </groups>
    <test name="Default test" duration-ms="9315" started-at="2015-05-30T11:41:51Z" finished-at="2015-05-30T11:42:01Z">
      <class name="Tests.TestBeginner">
        <test-method status="PASS" signature="BeforeTest()[pri:0, instance:Tests.TestBeginner@17d99928]" name="BeforeTest" is-config="true" duration-ms="46" started-at="2015-05-30T17:11:51Z" finished-at="2015-05-30T17:11:51Z">
          <reporter-output>
          </reporter-output>
        </test-method> <!-- BeforeTest -->
        <test-method status="PASS" signature="test1()[pri:0, instance:Tests.TestBeginner@17d99928]" name="test1" duration-ms="9235" started-at="2015-05-30T17:11:51Z" finished-at="2015-05-30T17:12:01Z">
          <reporter-output>
          </reporter-output>
        </test-method> <!-- test1 -->
      </class> <!-- Tests.TestBeginner -->
    </test> <!-- Default test -->
  </suite> <!-- Default suite -->
</testng-results>
